{
  "executed_at_utc": "2026-10-08T19:06:16.347458+00:00",
  "index": "cti-week5-20261008-190520-9a4ec6b1",
  "data_view_id": "19d7e1ee-62b3-470f-84a8-9008b23acc6a",
  "elasticsearch_version": "9.5.5",
  "kibana_version": "unavailable",
  "kibana_version_source": "not exposed",
  "license_type": "basic",
  "dataset_sha256": "8686d200870bd9d36110e4763711e1a8088443d7738fb47ad77040aec0b151c0",
  "queries_sha256": "82697755376bf55455c865cc3a469f6842aac54a3c5402b776c6bd8a36cab3ff",
  "ingested_documents": 4,
  "results": {
    "baseline": {
      "count": 4,
      "case_ids": [
        "encoded",
        "encoded_hidden",
        "hidden",
        "plain"
      ],
      "query": {
        "size": 100,
        "track_total_hits": true,
        "sort": [
          {
            "@timestamp": "asc"
          }
        ],
        "query": {
          "bool": {
            "filter": [
              {
                "term": {
                  "event.code": "400"
                }
              },
              {
                "term": {
                  "process.name": "powershell.exe"
                }
              }
            ]
          }
        }
      },
      "response": {
        "took": 4,
        "timed_out": false,
        "_shards": {
          "total": 1,
          "successful": 1,
          "skipped": 0,
          "failed": 0
        },
        "hits": {
          "total": {
            "value": 4,
            "relation": "eq"
          },
          "max_score": null,
          "hits": [
            {
              "_index": "cti-week5-20261008-190520-9a4ec6b1",
              "_id": "6567",
              "_score": null,
              "_source": {
                "@timestamp": "2026-10-08T19:02:37.8668051Z",
                "event": {
                  "action": "engine-start",
                  "provider": "PowerShell",
                  "code": "400"
                },
                "winlog": {
                  "record_id": 6567,
                  "channel": "Windows PowerShell"
                },
                "host": {
                  "name": "CTI-LAB-HOST"
                },
                "process": {
                  "command_line": "C:\\Windows\\System32\\WindowsPowerShell\\v1.0\\powershell.exe -NoProfile -NonInteractive -Command Write-Output 'CTIW5-2e6084ecb5404749a4413892fe32a9da-plain'",
                  "name": "powershell.exe",
                  "pid": 10292
                },
                "lab": {
                  "ground_truth": "benign",
                  "run_id": "2e6084ecb5404749a4413892fe32a9da",
                  "case_id": "plain"
                }
              },
              "sort": [
                1791486157866
              ]
            },
            {
              "_index": "cti-week5-20261008-190520-9a4ec6b1",
              "_id": "6575",
              "_score": null,
              "_source": {
                "@timestamp": "2026-10-08T19:02:39.9503928Z",
                "event": {
                  "action": "engine-start",
                  "provider": "PowerShell",
                  "code": "400"
                },
                "winlog": {
                  "record_id": 6575,
                  "channel": "Windows PowerShell"
                },
                "host": {
                  "name": "CTI-LAB-HOST"
                },
                "process": {
                  "command_line": "C:\\Windows\\System32\\WindowsPowerShell\\v1.0\\powershell.exe -NoProfile -NonInteractive -EncodedCommand VwByAGkAdABlAC0ATwB1AHQAcAB1AHQAIAAnAEMAVABJAFcANQAtADIAZQA2ADAAOAA0AGUAYwBiADUANAAwADQANwA0ADkAYQA0ADQAMQAzADgAOQAyAGYAZQAzADIAYQA5AGQAYQAtAGUAbgBjAG8AZABlAGQAJwA=",
                  "name": "powershell.exe",
                  "pid": 8720
                },
                "lab": {
                  "ground_truth": "benign",
                  "run_id": "2e6084ecb5404749a4413892fe32a9da",
                  "case_id": "encoded"
                }
              },
              "sort": [
                1791486159950
              ]
            },
            {
              "_index": "cti-week5-20261008-190520-9a4ec6b1",
              "_id": "6583",
              "_score": null,
              "_source": {
                "@timestamp": "2026-10-08T19:02:41.5529113Z",
                "event": {
                  "action": "engine-start",
                  "provider": "PowerShell",
                  "code": "400"
                },
                "winlog": {
                  "record_id": 6583,
                  "channel": "Windows PowerShell"
                },
                "host": {
                  "name": "CTI-LAB-HOST"
                },
                "process": {
                  "command_line": "C:\\Windows\\System32\\WindowsPowerShell\\v1.0\\powershell.exe -NoProfile -NonInteractive -WindowStyle Hidden -Command Write-Output 'CTIW5-2e6084ecb5404749a4413892fe32a9da-hidden'",
                  "name": "powershell.exe",
                  "pid": 22840
                },
                "lab": {
                  "ground_truth": "benign",
                  "run_id": "2e6084ecb5404749a4413892fe32a9da",
                  "case_id": "hidden"
                }
              },
              "sort": [
                1791486161552
              ]
            },
            {
              "_index": "cti-week5-20261008-190520-9a4ec6b1",
              "_id": "6591",
              "_score": null,
              "_source": {
                "@timestamp": "2026-10-08T19:02:42.6323570Z",
                "event": {
                  "action": "engine-start",
                  "provider": "PowerShell",
                  "code": "400"
                },
                "winlog": {
                  "record_id": 6591,
                  "channel": "Windows PowerShell"
                },
                "host": {
                  "name": "CTI-LAB-HOST"
                },
                "process": {
                  "command_line": "C:\\Windows\\System32\\WindowsPowerShell\\v1.0\\powershell.exe -NoProfile -NonInteractive -WindowStyle Hidden -EncodedCommand VwByAGkAdABlAC0ATwB1AHQAcAB1AHQAIAAnAEMAVABJAFcANQAtADIAZQA2ADAAOAA0AGUAYwBiADUANAAwADQANwA0ADkAYQA0ADQAMQAzADgAOQAyAGYAZQAzADIAYQA5AGQAYQAtAGUAbgBjAG8AZABlAGQAXwBoAGkAZABkAGUAbgAnAA==",
                  "name": "powershell.exe",
                  "pid": 36600
                },
                "lab": {
                  "ground_truth": "benign",
                  "run_id": "2e6084ecb5404749a4413892fe32a9da",
                  "case_id": "encoded_hidden"
                }
              },
              "sort": [
                1791486162632
              ]
            }
          ]
        }
      }
    },
    "encoded": {
      "count": 2,
      "case_ids": [
        "encoded",
        "encoded_hidden"
      ],
      "query": {
        "size": 100,
        "track_total_hits": true,
        "sort": [
          {
            "@timestamp": "asc"
          }
        ],
        "query": {
          "bool": {
            "filter": [
              {
                "term": {
                  "event.code": "400"
                }
              },
              {
                "term": {
                  "process.name": "powershell.exe"
                }
              },
              {
                "regexp": {
                  "process.command_line": {
                    "value": ".*[ ]-encodedcommand[ ]+[^ ]+.*",
                    "case_insensitive": true
                  }
                }
              }
            ]
          }
        }
      },
      "response": {
        "took": 28,
        "timed_out": false,
        "_shards": {
          "total": 1,
          "successful": 1,
          "skipped": 0,
          "failed": 0
        },
        "hits": {
          "total": {
            "value": 2,
            "relation": "eq"
          },
          "max_score": null,
          "hits": [
            {
              "_index": "cti-week5-20261008-190520-9a4ec6b1",
              "_id": "6575",
              "_score": null,
              "_source": {
                "@timestamp": "2026-10-08T19:02:39.9503928Z",
                "event": {
                  "action": "engine-start",
                  "provider": "PowerShell",
                  "code": "400"
                },
                "winlog": {
                  "record_id": 6575,
                  "channel": "Windows PowerShell"
                },
                "host": {
                  "name": "CTI-LAB-HOST"
                },
                "process": {
                  "command_line": "C:\\Windows\\System32\\WindowsPowerShell\\v1.0\\powershell.exe -NoProfile -NonInteractive -EncodedCommand VwByAGkAdABlAC0ATwB1AHQAcAB1AHQAIAAnAEMAVABJAFcANQAtADIAZQA2ADAAOAA0AGUAYwBiADUANAAwADQANwA0ADkAYQA0ADQAMQAzADgAOQAyAGYAZQAzADIAYQA5AGQAYQAtAGUAbgBjAG8AZABlAGQAJwA=",
                  "name": "powershell.exe",
                  "pid": 8720
                },
                "lab": {
                  "ground_truth": "benign",
                  "run_id": "2e6084ecb5404749a4413892fe32a9da",
                  "case_id": "encoded"
                }
              },
              "sort": [
                1791486159950
              ]
            },
            {
              "_index": "cti-week5-20261008-190520-9a4ec6b1",
              "_id": "6591",
              "_score": null,
              "_source": {
                "@timestamp": "2026-10-08T19:02:42.6323570Z",
                "event": {
                  "action": "engine-start",
                  "provider": "PowerShell",
                  "code": "400"
                },
                "winlog": {
                  "record_id": 6591,
                  "channel": "Windows PowerShell"
                },
                "host": {
                  "name": "CTI-LAB-HOST"
                },
                "process": {
                  "command_line": "C:\\Windows\\System32\\WindowsPowerShell\\v1.0\\powershell.exe -NoProfile -NonInteractive -WindowStyle Hidden -EncodedCommand VwByAGkAdABlAC0ATwB1AHQAcAB1AHQAIAAnAEMAVABJAFcANQAtADIAZQA2ADAAOAA0AGUAYwBiADUANAAwADQANwA0ADkAYQA0ADQAMQAzADgAOQAyAGYAZQAzADIAYQA5AGQAYQAtAGUAbgBjAG8AZABlAGQAXwBoAGkAZABkAGUAbgAnAA==",
                  "name": "powershell.exe",
                  "pid": 36600
                },
                "lab": {
                  "ground_truth": "benign",
                  "run_id": "2e6084ecb5404749a4413892fe32a9da",
                  "case_id": "encoded_hidden"
                }
              },
              "sort": [
                1791486162632
              ]
            }
          ]
        }
      }
    },
    "encoded_hidden": {
      "count": 1,
      "case_ids": [
        "encoded_hidden"
      ],
      "query": {
        "size": 100,
        "track_total_hits": true,
        "sort": [
          {
            "@timestamp": "asc"
          }
        ],
        "query": {
          "bool": {
            "filter": [
              {
                "term": {
                  "event.code": "400"
                }
              },
              {
                "term": {
                  "process.name": "powershell.exe"
                }
              },
              {
                "regexp": {
                  "process.command_line": {
                    "value": ".*[ ]-encodedcommand[ ]+[^ ]+.*",
                    "case_insensitive": true
                  }
                }
              },
              {
                "regexp": {
                  "process.command_line": {
                    "value": ".*[ ]-windowstyle[ ]+hidden([ ].*)?",
                    "case_insensitive": true
                  }
                }
              }
            ]
          }
        }
      },
      "response": {
        "took": 60,
        "timed_out": false,
        "_shards": {
          "total": 1,
          "successful": 1,
          "skipped": 0,
          "failed": 0
        },
        "hits": {
          "total": {
            "value": 1,
            "relation": "eq"
          },
          "max_score": null,
          "hits": [
            {
              "_index": "cti-week5-20261008-190520-9a4ec6b1",
              "_id": "6591",
              "_score": null,
              "_source": {
                "@timestamp": "2026-10-08T19:02:42.6323570Z",
                "event": {
                  "action": "engine-start",
                  "provider": "PowerShell",
                  "code": "400"
                },
                "winlog": {
                  "record_id": 6591,
                  "channel": "Windows PowerShell"
                },
                "host": {
                  "name": "CTI-LAB-HOST"
                },
                "process": {
                  "command_line": "C:\\Windows\\System32\\WindowsPowerShell\\v1.0\\powershell.exe -NoProfile -NonInteractive -WindowStyle Hidden -EncodedCommand VwByAGkAdABlAC0ATwB1AHQAcAB1AHQAIAAnAEMAVABJAFcANQAtADIAZQA2ADAAOAA0AGUAYwBiADUANAAwADQANwA0ADkAYQA0ADQAMQAzADgAOQAyAGYAZQAzADIAYQA5AGQAYQAtAGUAbgBjAG8AZABlAGQAXwBoAGkAZABkAGUAbgAnAA==",
                  "name": "powershell.exe",
                  "pid": 36600
                },
                "lab": {
                  "ground_truth": "benign",
                  "run_id": "2e6084ecb5404749a4413892fe32a9da",
                  "case_id": "encoded_hidden"
                }
              },
              "sort": [
                1791486162632
              ]
            }
          ]
        }
      }
    }
  },
  "scope": "Real Elasticsearch execution on four genuine events from benign controlled PowerShell launches; no malware detection efficacy claim"
}
